c:\users\matthew\onedrive\documents\c++ projects\directxengine\directxengine\x64\debug\vc140.pdb
c:\users\matthew\onedrive\documents\c++ projects\directxengine\directxengine\x64\debug\vc140.idb
c:\users\matthew\onedrive\documents\c++ projects\directxengine\directxengine\x64\debug\cameraclass.obj
c:\users\matthew\onedrive\documents\c++ projects\directxengine\directxengine\x64\debug\colorshaderclass.obj
c:\users\matthew\onedrive\documents\c++ projects\directxengine\directxengine\x64\debug\graphicsclass.obj
c:\users\matthew\onedrive\documents\c++ projects\directxengine\directxengine\x64\debug\inputclass.obj
c:\users\matthew\onedrive\documents\c++ projects\directxengine\directxengine\x64\debug\main.obj
c:\users\matthew\onedrive\documents\c++ projects\directxengine\directxengine\x64\debug\modelclass.obj
c:\users\matthew\onedrive\documents\c++ projects\directxengine\directxengine\x64\debug\systemclass.obj
c:\users\matthew\onedrive\documents\c++ projects\directxengine\directxengine\x64\debug\d3dclass.obj
c:\users\matthew\onedrive\documents\c++ projects\directxengine\directxengine\x64\debug\textureclass.obj
c:\users\matthew\onedrive\documents\c++ projects\directxengine\directxengine\x64\debug\textureshaderclass.obj
c:\users\matthew\onedrive\documents\c++ projects\directxengine\directxengine\x64\debug\lightclass.obj
c:\users\matthew\onedrive\documents\c++ projects\directxengine\directxengine\x64\debug\lightshaderclass.obj
c:\users\matthew\onedrive\documents\c++ projects\directxengine\directxengine\x64\debug\objparser.obj
c:\users\matt\documents\development\c++\directxgameengine\directxengine\x64\debug\vc140.pdb
c:\users\matt\documents\development\c++\directxgameengine\directxengine\x64\debug\vc140.idb
c:\users\matt\documents\development\c++\directxgameengine\directxengine\x64\debug\cameraclass.obj
c:\users\matt\documents\development\c++\directxgameengine\directxengine\x64\debug\colorshaderclass.obj
c:\users\matt\documents\development\c++\directxgameengine\directxengine\x64\debug\d3dclass.obj
c:\users\matt\documents\development\c++\directxgameengine\directxengine\x64\debug\graphicsclass.obj
c:\users\matt\documents\development\c++\directxgameengine\directxengine\x64\debug\inputclass.obj
c:\users\matt\documents\development\c++\directxgameengine\directxengine\x64\debug\lightclass.obj
c:\users\matt\documents\development\c++\directxgameengine\directxengine\x64\debug\lightshaderclass.obj
c:\users\matt\documents\development\c++\directxgameengine\directxengine\x64\debug\main.obj
c:\users\matt\documents\development\c++\directxgameengine\directxengine\x64\debug\modelclass.obj
c:\users\matt\documents\development\c++\directxgameengine\directxengine\x64\debug\objparser.obj
c:\users\matt\documents\development\c++\directxgameengine\directxengine\x64\debug\systemclass.obj
c:\users\matt\documents\development\c++\directxgameengine\directxengine\x64\debug\textureclass.obj
c:\users\matt\documents\development\c++\directxgameengine\directxengine\x64\debug\textureshaderclass.obj
c:\users\matthew\onedrive\documents\c++ projects\directxengine\x64\debug\directxengine.ilk
c:\users\matthew\onedrive\documents\c++ projects\directxengine\x64\debug\directxengine.exe
c:\users\matthew\onedrive\documents\c++ projects\directxengine\x64\debug\directxengine.pdb
c:\users\matt\documents\development\c++\directxgameengine\x64\debug\directxengine.ilk
c:\users\matt\documents\development\c++\directxgameengine\x64\debug\directxengine.exe
c:\users\matt\documents\development\c++\directxgameengine\x64\debug\directxengine.pdb
c:\users\matt\documents\development\c++\directxgameengine\directxengine\x64\debug\bitmapclass.obj
c:\users\matt\documents\development\c++\directxgameengine\directxengine\x64\debug\directxengine.tlog\cl.command.1.tlog
c:\users\matt\documents\development\c++\directxgameengine\directxengine\x64\debug\directxengine.tlog\cl.read.1.tlog
c:\users\matt\documents\development\c++\directxgameengine\directxengine\x64\debug\directxengine.tlog\cl.write.1.tlog
c:\users\matt\documents\development\c++\directxgameengine\directxengine\x64\debug\directxengine.tlog\link.command.1.tlog
c:\users\matt\documents\development\c++\directxgameengine\directxengine\x64\debug\directxengine.tlog\link.read.1.tlog
c:\users\matt\documents\development\c++\directxgameengine\directxengine\x64\debug\directxengine.tlog\link.write.1.tlog
